54:56,384 ForkJoinPool-1-worker-7 TRACE fr.emse.ci.sparqlext.engine.GenerateTriplesPlan:104 - Output triples
position 0:
  98abf911-dcd0-421f-af5e-7d2ef1d6c54e @rdf:type https://w3id.org/mdo/structure/CoordinateVector
  98abf911-dcd0-421f-af5e-7d2ef1d6c54e @https://w3id.org/mdo/structure/hasX_axisCoordinate "0.25e0"^^http://www.w3.org/2001/XMLSchema#double
  98abf911-dcd0-421f-af5e-7d2ef1d6c54e @https://w3id.org/mdo/structure/hasY_axisCoordinate "0.25e0"^^http://www.w3.org/2001/XMLSchema#double
  98abf911-dcd0-421f-af5e-7d2ef1d6c54e @https://w3id.org/mdo/structure/hasZ_axisCoordinate "0.25e0"^^http://www.w3.org/2001/XMLSchema#double
position 1:
  aa65b743-6e0f-46d4-a1c7-a6bc0ad1270b @rdf:type https://w3id.org/mdo/structure/CoordinateVector
  aa65b743-6e0f-46d4-a1c7-a6bc0ad1270b @https://w3id.org/mdo/structure/hasX_axisCoordinate "0.75e0"^^http://www.w3.org/2001/XMLSchema#double
  aa65b743-6e0f-46d4-a1c7-a6bc0ad1270b @https://w3id.org/mdo/structure/hasY_axisCoordinate "0.75e0"^^http://www.w3.org/2001/XMLSchema#double
  aa65b743-6e0f-46d4-a1c7-a6bc0ad1270b @https://w3id.org/mdo/structure/hasZ_axisCoordinate "0.75e0"^^http://www.w3.org/2001/XMLSchema#double
position 2:
  4042061b-ce56-402e-aa9f-f621334494a6 @rdf:type https://w3id.org/mdo/structure/CoordinateVector
  4042061b-ce56-402e-aa9f-f621334494a6 @https://w3id.org/mdo/structure/hasX_axisCoordinate "0.5e0"^^http://www.w3.org/2001/XMLSchema#double
  4042061b-ce56-402e-aa9f-f621334494a6 @https://w3id.org/mdo/structure/hasY_axisCoordinate "0.5e0"^^http://www.w3.org/2001/XMLSchema#double
  4042061b-ce56-402e-aa9f-f621334494a6 @https://w3id.org/mdo/structure/hasZ_axisCoordinate "0.5e0"^^http://www.w3.org/2001/XMLSchema#double
position 3:
  93060ab5-795d-4b63-ad3c-8f7e3c4293d0 @rdf:type https://w3id.org/mdo/structure/CoordinateVector
  93060ab5-795d-4b63-ad3c-8f7e3c4293d0 @https://w3id.org/mdo/structure/hasX_axisCoordinate "0.0e0"^^http://www.w3.org/2001/XMLSchema#double
  93060ab5-795d-4b63-ad3c-8f7e3c4293d0 @https://w3id.org/mdo/structure/hasY_axisCoordinate "-0.0e0"^^http://www.w3.org/2001/XMLSchema#double
  93060ab5-795d-4b63-ad3c-8f7e3c4293d0 @https://w3id.org/mdo/structure/hasZ_axisCoordinate "0.0e0"^^http://www.w3.org/2001/XMLSchema#double
position 4:
  a1da1a41-abc6-4113-9e65-7c66bf89135d @rdf:type https://w3id.org/mdo/structure/CoordinateVector
  a1da1a41-abc6-4113-9e65-7c66bf89135d @https://w3id.org/mdo/structure/hasX_axisCoordinate "0.24546027e0"^^http://www.w3.org/2001/XMLSchema#double
  a1da1a41-abc6-4113-9e65-7c66bf89135d @https://w3id.org/mdo/structure/hasY_axisCoordinate "0.75453973e0"^^http://www.w3.org/2001/XMLSchema#double
  a1da1a41-abc6-4113-9e65-7c66bf89135d @https://w3id.org/mdo/structure/hasZ_axisCoordinate "0.75453973e0"^^http://www.w3.org/2001/XMLSchema#double
position 5:
  1946bc19-f7bf-43b6-9fa3-ab6dd8017862 @rdf:type https://w3id.org/mdo/structure/CoordinateVector
  1946bc19-f7bf-43b6-9fa3-ab6dd8017862 @https://w3id.org/mdo/structure/hasX_axisCoordinate "0.24546027e0"^^http://www.w3.org/2001/XMLSchema#double
  1946bc19-f7bf-43b6-9fa3-ab6dd8017862 @https://w3id.org/mdo/structure/hasY_axisCoordinate "0.75453973e0"^^http://www.w3.org/2001/XMLSchema#double
  1946bc19-f7bf-43b6-9fa3-ab6dd8017862 @https://w3id.org/mdo/structure/hasZ_axisCoordinate "0.24546027e0"^^http://www.w3.org/2001/XMLSchema#double
position 6:
  d036da2f-4166-4233-896d-9ec8268a9b66 @rdf:type https://w3id.org/mdo/structure/CoordinateVector
  d036da2f-4166-4233-896d-9ec8268a9b66 @https://w3id.org/mdo/structure/hasX_axisCoordinate "0.75453973e0"^^http://www.w3.org/2001/XMLSchema#double
  d036da2f-4166-4233-896d-9ec8268a9b66 @https://w3id.org/mdo/structure/hasY_axisCoordinate "0.24546027e0"^^http://www.w3.org/2001/XMLSchema#double
  d036da2f-4166-4233-896d-9ec8268a9b66 @https://w3id.org/mdo/structure/hasZ_axisCoordinate "0.75453973e0"^^http://www.w3.org/2001/XMLSchema#double
position 7:
  96db2fa1-e0cf-4a75-ad4e-baf8790451e8 @rdf:type https://w3id.org/mdo/structure/CoordinateVector
  96db2fa1-e0cf-4a75-ad4e-baf8790451e8 @https://w3id.org/mdo/structure/hasX_axisCoordinate "0.75453973e0"^^http://www.w3.org/2001/XMLSchema#double
  96db2fa1-e0cf-4a75-ad4e-baf8790451e8 @https://w3id.org/mdo/structure/hasY_axisCoordinate "0.75453973e0"^^http://www.w3.org/2001/XMLSchema#double
  96db2fa1-e0cf-4a75-ad4e-baf8790451e8 @https://w3id.org/mdo/structure/hasZ_axisCoordinate "0.24546027e0"^^http://www.w3.org/2001/XMLSchema#double
position 8:
  90e1d60f-ee7e-4269-83b4-a304931503e7 @rdf:type https://w3id.org/mdo/structure/CoordinateVector
  90e1d60f-ee7e-4269-83b4-a304931503e7 @https://w3id.org/mdo/structure/hasX_axisCoordinate "0.24546027e0"^^http://www.w3.org/2001/XMLSchema#double
  90e1d60f-ee7e-4269-83b4-a304931503e7 @https://w3id.org/mdo/structure/hasY_axisCoordinate "0.24546027e0"^^http://www.w3.org/2001/XMLSchema#double
  90e1d60f-ee7e-4269-83b4-a304931503e7 @https://w3id.org/mdo/structure/hasZ_axisCoordinate "0.75453973e0"^^http://www.w3.org/2001/XMLSchema#double
position 9:
  8c306506-9c42-410e-8538-df78f2688ed7 @rdf:type https://w3id.org/mdo/structure/CoordinateVector
  8c306506-9c42-410e-8538-df78f2688ed7 @https://w3id.org/mdo/structure/hasX_axisCoordinate "0.75453973e0"^^http://www.w3.org/2001/XMLSchema#double
  8c306506-9c42-410e-8538-df78f2688ed7 @https://w3id.org/mdo/structure/hasY_axisCoordinate "0.24546027e0"^^http://www.w3.org/2001/XMLSchema#double
  8c306506-9c42-410e-8538-df78f2688ed7 @https://w3id.org/mdo/structure/hasZ_axisCoordinate "0.24546027e0"^^http://www.w3.org/2001/XMLSchema#double
54:56,382 ForkJoinPool-1-worker-1 TRACE fr.emse.ci.sparqlext.engine.RootPlanImpl:332 - Finished all generatePlan 1
54:56,382 ForkJoinPool-1-worker-3 TRACE fr.emse.ci.sparqlext.engine.GenerateTriplesPlan:104 - Output triples
position 0:
  69cf2101-2ea9-436d-92b3-48f1299ce4b0 @rdf:type https://w3id.org/mdo/structure/CoordinateVector
  69cf2101-2ea9-436d-92b3-48f1299ce4b0 @https://w3id.org/mdo/structure/hasX_axisCoordinate "2.707042e0"^^http://www.w3.org/2001/XMLSchema#double
  69cf2101-2ea9-436d-92b3-48f1299ce4b0 @https://w3id.org/mdo/structure/hasY_axisCoordinate "2.707042e0"^^http://www.w3.org/2001/XMLSchema#double
  69cf2101-2ea9-436d-92b3-48f1299ce4b0 @https://w3id.org/mdo/structure/hasZ_axisCoordinate "2.707042e0"^^http://www.w3.org/2001/XMLSchema#double
position 1:
  f0ec8a07-3995-4da3-8a65-47ccfbea9784 @rdf:type https://w3id.org/mdo/structure/CoordinateVector
  f0ec8a07-3995-4da3-8a65-47ccfbea9784 @https://w3id.org/mdo/structure/hasX_axisCoordinate "8.121126e0"^^http://www.w3.org/2001/XMLSchema#double
  f0ec8a07-3995-4da3-8a65-47ccfbea9784 @https://w3id.org/mdo/structure/hasY_axisCoordinate "8.121126e0"^^http://www.w3.org/2001/XMLSchema#double
  f0ec8a07-3995-4da3-8a65-47ccfbea9784 @https://w3id.org/mdo/structure/hasZ_axisCoordinate "8.121126e0"^^http://www.w3.org/2001/XMLSchema#double
position 2:
  14804b06-a1f1-4212-b4d7-1153710f601a @rdf:type https://w3id.org/mdo/structure/CoordinateVector
  14804b06-a1f1-4212-b4d7-1153710f601a @https://w3id.org/mdo/structure/hasX_axisCoordinate "5.414084e0"^^http://www.w3.org/2001/XMLSchema#double
  14804b06-a1f1-4212-b4d7-1153710f601a @https://w3id.org/mdo/structure/hasY_axisCoordinate "5.414084e0"^^http://www.w3.org/2001/XMLSchema#double
  14804b06-a1f1-4212-b4d7-1153710f601a @https://w3id.org/mdo/structure/hasZ_axisCoordinate "5.414084e0"^^http://www.w3.org/2001/XMLSchema#double
position 3:
  276f8b98-7c5f-48c2-96a7-1a4dacddd241 @rdf:type https://w3id.org/mdo/structure/CoordinateVector
  276f8b98-7c5f-48c2-96a7-1a4dacddd241 @https://w3id.org/mdo/structure/hasX_axisCoordinate "0.0e0"^^http://www.w3.org/2001/XMLSchema#double
  276f8b98-7c5f-48c2-96a7-1a4dacddd241 @https://w3id.org/mdo/structure/hasY_axisCoordinate "0.0e0"^^http://www.w3.org/2001/XMLSchema#double
  276f8b98-7c5f-48c2-96a7-1a4dacddd241 @https://w3id.org/mdo/structure/hasZ_axisCoordinate "0.0e0"^^http://www.w3.org/2001/XMLSchema#double
position 4:
  3b3f859c-7e7f-4f05-9779-66bc2f15b030 @rdf:type https://w3id.org/mdo/structure/CoordinateVector
  3b3f859c-7e7f-4f05-9779-66bc2f15b030 @https://w3id.org/mdo/structure/hasX_axisCoordinate "8.168098592784e0"^^http://www.w3.org/2001/XMLSchema#double
  3b3f859c-7e7f-4f05-9779-66bc2f15b030 @https://w3id.org/mdo/structure/hasY_axisCoordinate "5.414084e0"^^http://www.w3.org/2001/XMLSchema#double
  3b3f859c-7e7f-4f05-9779-66bc2f15b030 @https://w3id.org/mdo/structure/hasZ_axisCoordinate "5.414084e0"^^http://www.w3.org/2001/XMLSchema#double
position 5:
  82ed25a2-3afa-4418-9eea-046963df0eaf @rdf:type https://w3id.org/mdo/structure/CoordinateVector
  82ed25a2-3afa-4418-9eea-046963df0eaf @https://w3id.org/mdo/structure/hasX_axisCoordinate "5.414084e0"^^http://www.w3.org/2001/XMLSchema#double
  82ed25a2-3afa-4418-9eea-046963df0eaf @https://w3id.org/mdo/structure/hasY_axisCoordinate "2.660069407216e0"^^http://www.w3.org/2001/XMLSchema#double
  82ed25a2-3afa-4418-9eea-046963df0eaf @https://w3id.org/mdo/structure/hasZ_axisCoordinate "5.414084e0"^^http://www.w3.org/2001/XMLSchema#double
position 6:
  5df8200c-b326-451b-9fd7-28bb09cdbb36 @rdf:type https://w3id.org/mdo/structure/CoordinateVector
  5df8200c-b326-451b-9fd7-28bb09cdbb36 @https://w3id.org/mdo/structure/hasX_axisCoordinate "5.414084e0"^^http://www.w3.org/2001/XMLSchema#double
  5df8200c-b326-451b-9fd7-28bb09cdbb36 @https://w3id.org/mdo/structure/hasY_axisCoordinate "8.168098592784e0"^^http://www.w3.org/2001/XMLSchema#double
  5df8200c-b326-451b-9fd7-28bb09cdbb36 @https://w3id.org/mdo/structure/hasZ_axisCoordinate "5.414084e0"^^http://www.w3.org/2001/XMLSchema#double
position 7:
  6587013f-c62d-4f79-80d7-f82c3eb5ac99 @rdf:type https://w3id.org/mdo/structure/CoordinateVector
  6587013f-c62d-4f79-80d7-f82c3eb5ac99 @https://w3id.org/mdo/structure/hasX_axisCoordinate "5.414084e0"^^http://www.w3.org/2001/XMLSchema#double
  6587013f-c62d-4f79-80d7-f82c3eb5ac99 @https://w3id.org/mdo/structure/hasY_axisCoordinate "5.414084e0"^^http://www.w3.org/2001/XMLSchema#double
  6587013f-c62d-4f79-80d7-f82c3eb5ac99 @https://w3id.org/mdo/structure/hasZ_axisCoordinate "8.168098592784e0"^^http://www.w3.org/2001/XMLSchema#double
position 8:
  8e7e580a-ba62-497d-a3d7-b07d3efbb938 @rdf:type https://w3id.org/mdo/structure/CoordinateVector
  8e7e580a-ba62-497d-a3d7-b07d3efbb938 @https://w3id.org/mdo/structure/hasX_axisCoordinate "5.414084e0"^^http://www.w3.org/2001/XMLSchema#double
  8e7e580a-ba62-497d-a3d7-b07d3efbb938 @https://w3id.org/mdo/structure/hasY_axisCoordinate "5.414084e0"^^http://www.w3.org/2001/XMLSchema#double
  8e7e580a-ba62-497d-a3d7-b07d3efbb938 @https://w3id.org/mdo/structure/hasZ_axisCoordinate "2.660069407216e0"^^http://www.w3.org/2001/XMLSchema#double
position 9:
  986c07fe-19d2-4ed3-b59b-48cdd2fd6416 @rdf:type https://w3id.org/mdo/structure/CoordinateVector
  986c07fe-19d2-4ed3-b59b-48cdd2fd6416 @https://w3id.org/mdo/structure/hasX_axisCoordinate "2.660069407216e0"^^http://www.w3.org/2001/XMLSchema#double
  986c07fe-19d2-4ed3-b59b-48cdd2fd6416 @https://w3id.org/mdo/structure/hasY_axisCoordinate "5.414084e0"^^http://www.w3.org/2001/XMLSchema#double
  986c07fe-19d2-4ed3-b59b-48cdd2fd6416 @https://w3id.org/mdo/structure/hasZ_axisCoordinate "5.414084e0"^^http://www.w3.org/2001/XMLSchema#double
54:56,390 ForkJoinPool-1-worker-7 TRACE fr.emse.ci.sparqlext.engine.RootPlanImpl:332 - Finished all generatePlan 1
54:56,389 ForkJoinPool-1-worker-5 TRACE fr.emse.ci.sparqlext.engine.GenerateTriplesPlan:104 - Output triples
position 0:
  105a84e0-dc31-4d07-b851-8fa20cde2eff @rdf:type https://w3id.org/mdo/structure/CoordinateVector
  105a84e0-dc31-4d07-b851-8fa20cde2eff @https://w3id.org/mdo/structure/hasX_axisCoordinate "2.70716176e0"^^http://www.w3.org/2001/XMLSchema#double
  105a84e0-dc31-4d07-b851-8fa20cde2eff @https://w3id.org/mdo/structure/hasY_axisCoordinate "2.70716176e0"^^http://www.w3.org/2001/XMLSchema#double
  105a84e0-dc31-4d07-b851-8fa20cde2eff @https://w3id.org/mdo/structure/hasZ_axisCoordinate "2.70716176e0"^^http://www.w3.org/2001/XMLSchema#double
position 1:
  5fd321ef-54e7-4159-b6d7-965d7233d8d1 @rdf:type https://w3id.org/mdo/structure/CoordinateVector
  5fd321ef-54e7-4159-b6d7-965d7233d8d1 @https://w3id.org/mdo/structure/hasX_axisCoordinate "8.12148528e0"^^http://www.w3.org/2001/XMLSchema#double
  5fd321ef-54e7-4159-b6d7-965d7233d8d1 @https://w3id.org/mdo/structure/hasY_axisCoordinate "8.12148528e0"^^http://www.w3.org/2001/XMLSchema#double
  5fd321ef-54e7-4159-b6d7-965d7233d8d1 @https://w3id.org/mdo/structure/hasZ_axisCoordinate "8.12148528e0"^^http://www.w3.org/2001/XMLSchema#double
position 2:
  daa81d26-ed41-4525-a073-147bdb57532b @rdf:type https://w3id.org/mdo/structure/CoordinateVector
  daa81d26-ed41-4525-a073-147bdb57532b @https://w3id.org/mdo/structure/hasX_axisCoordinate "5.41432352e0"^^http://www.w3.org/2001/XMLSchema#double
  daa81d26-ed41-4525-a073-147bdb57532b @https://w3id.org/mdo/structure/hasY_axisCoordinate "5.41432352e0"^^http://www.w3.org/2001/XMLSchema#double
  daa81d26-ed41-4525-a073-147bdb57532b @https://w3id.org/mdo/structure/hasZ_axisCoordinate "5.41432352e0"^^http://www.w3.org/2001/XMLSchema#double
position 3:
  4a7aed69-35da-4d50-81ee-8eab02be73f8 @rdf:type https://w3id.org/mdo/structure/CoordinateVector
  4a7aed69-35da-4d50-81ee-8eab02be73f8 @https://w3id.org/mdo/structure/hasX_axisCoordinate "0.0e0"^^http://www.w3.org/2001/XMLSchema#double
  4a7aed69-35da-4d50-81ee-8eab02be73f8 @https://w3id.org/mdo/structure/hasY_axisCoordinate "0.0e0"^^http://www.w3.org/2001/XMLSchema#double
  4a7aed69-35da-4d50-81ee-8eab02be73f8 @https://w3id.org/mdo/structure/hasZ_axisCoordinate "0.0e0"^^http://www.w3.org/2001/XMLSchema#double
position 4:
  0682a4a2-a431-45e4-a893-5b48c13481b7 @rdf:type https://w3id.org/mdo/structure/CoordinateVector
  0682a4a2-a431-45e4-a893-5b48c13481b7 @https://w3id.org/mdo/structure/hasX_axisCoordinate "8.1706444138269e0"^^http://www.w3.org/2001/XMLSchema#double
  0682a4a2-a431-45e4-a893-5b48c13481b7 @https://w3id.org/mdo/structure/hasY_axisCoordinate "5.41432352e0"^^http://www.w3.org/2001/XMLSchema#double
  0682a4a2-a431-45e4-a893-5b48c13481b7 @https://w3id.org/mdo/structure/hasZ_axisCoordinate "5.41432352e0"^^http://www.w3.org/2001/XMLSchema#double
position 5:
  230bd967-8a8d-4583-8929-4a1d7dd55d3e @rdf:type https://w3id.org/mdo/structure/CoordinateVector
  230bd967-8a8d-4583-8929-4a1d7dd55d3e @https://w3id.org/mdo/structure/hasX_axisCoordinate "5.41432352e0"^^http://www.w3.org/2001/XMLSchema#double
  230bd967-8a8d-4583-8929-4a1d7dd55d3e @https://w3id.org/mdo/structure/hasY_axisCoordinate "2.6580026261731007e0"^^http://www.w3.org/2001/XMLSchema#double
  230bd967-8a8d-4583-8929-4a1d7dd55d3e @https://w3id.org/mdo/structure/hasZ_axisCoordinate "5.41432352e0"^^http://www.w3.org/2001/XMLSchema#double
position 6:
  52cedc40-2708-4226-ba06-b863d95c5fa9 @rdf:type https://w3id.org/mdo/structure/CoordinateVector
  52cedc40-2708-4226-ba06-b863d95c5fa9 @https://w3id.org/mdo/structure/hasX_axisCoordinate "5.41432352e0"^^http://www.w3.org/2001/XMLSchema#double
  52cedc40-2708-4226-ba06-b863d95c5fa9 @https://w3id.org/mdo/structure/hasY_axisCoordinate "8.1706444138269e0"^^http://www.w3.org/2001/XMLSchema#double
  52cedc40-2708-4226-ba06-b863d95c5fa9 @https://w3id.org/mdo/structure/hasZ_axisCoordinate "5.41432352e0"^^http://www.w3.org/2001/XMLSchema#double
position 7:
  8bbe87b9-f70e-41e4-ae03-5c5357d348c9 @rdf:type https://w3id.org/mdo/structure/CoordinateVector
  8bbe87b9-f70e-41e4-ae03-5c5357d348c9 @https://w3id.org/mdo/structure/hasX_axisCoordinate "5.41432352e0"^^http://www.w3.org/2001/XMLSchema#double
  8bbe87b9-f70e-41e4-ae03-5c5357d348c9 @https://w3id.org/mdo/structure/hasY_axisCoordinate "5.41432352e0"^^http://www.w3.org/2001/XMLSchema#double
  8bbe87b9-f70e-41e4-ae03-5c5357d348c9 @https://w3id.org/mdo/structure/hasZ_axisCoordinate "8.1706444138269e0"^^http://www.w3.org/2001/XMLSchema#double
position 8:
  6660ce91-0a76-479a-a491-ec31b929b68a @rdf:type https://w3id.org/mdo/structure/CoordinateVector
  6660ce91-0a76-479a-a491-ec31b929b68a @https://w3id.org/mdo/structure/hasX_axisCoordinate "5.41432352e0"^^http://www.w3.org/2001/XMLSchema#double
  6660ce91-0a76-479a-a491-ec31b929b68a @https://w3id.org/mdo/structure/hasY_axisCoordinate "5.41432352e0"^^http://www.w3.org/2001/XMLSchema#double
  6660ce91-0a76-479a-a491-ec31b929b68a @https://w3id.org/mdo/structure/hasZ_axisCoordinate "2.6580026261731007e0"^^http://www.w3.org/2001/XMLSchema#double
position 9:
  62baee04-456c-4364-ad3d-ce13b346471a @rdf:type https://w3id.org/mdo/structure/CoordinateVector
  62baee04-456c-4364-ad3d-ce13b346471a @https://w3id.org/mdo/structure/hasX_axisCoordinate "2.6580026261731007e0"^^http://www.w3.org/2001/XMLSchema#double
  62baee04-456c-4364-ad3d-ce13b346471a @https://w3id.org/mdo/structure/hasY_axisCoordinate "5.41432352e0"^^http://www.w3.org/2001/XMLSchema#double
  62baee04-456c-4364-ad3d-ce13b346471a @https://w3id.org/mdo/structure/hasZ_axisCoordinate "5.41432352e0"^^http://www.w3.org/2001/XMLSchema#double
54:56,390 ForkJoinPool-1-worker-3 TRACE fr.emse.ci.sparqlext.engine.RootPlanImpl:332 - Finished all generatePlan 1
54:56,391 ForkJoinPool-1-worker-5 TRACE fr.emse.ci.sparqlext.engine.RootPlanImpl:332 - Finished all generatePlan 1
54:56,391 ForkJoinPool-1-worker-3 TRACE fr.emse.ci.sparqlext.engine.RootPlanImpl:332 - Finished all generatePlan 1
54:56,391 ForkJoinPool-1-worker-7 TRACE fr.emse.ci.sparqlext.engine.RootPlanImpl:332 - Finished all generatePlan 1
54:56,392 ForkJoinPool-1-worker-11 TRACE fr.emse.ci.sparqlext.engine.SelectPlan:143 - Query output is
VALUES ( ?source ?TASK_ID ?ID ?band_gap ?final_energy ?final_energy_per_atom ?formation_energy_per_atom ?density ?NODE_band_gap ?NODE_band_gap_quantity_value ?NODE_final_energy ?NODE_final_energy_quantity_value ?NODE_final_energy_per_atom ?NODE_final_energy_per_atom_quantity_value ?NODE_formation_energy_per_atom ?NODE_formation_energy_per_atom_quantity_value ?NODE_density ?NODE_density_quantity_value ?NODE_composition ?full_formula ?anonymous_formula ?calculation ?reference ?authors_list ?doi ?datetime ?input_structure ?output_structure ?input_occupancy ?output_occupancy ?input_sites ?input_lattice ?NODE_inputlattice ?NODE_inputlattice_axisvector ?NODE_inputlattice_angletriple ?NODE_inputlattice_lengthtriple ?input_lattice_x_axisvector ?input_lattice_y_axisvector ?input_lattice_z_axisvector ?input_lattice_length_A ?input_lattice_length_B ?input_lattice_length_C ?input_lattice_angle_alpha ?input_lattice_angle_beta ?input_lattice_angle_gamma ?input_lattice_volume ?output_sites ?output_lattice ?NODE_outputlattice ?NODE_outputlattice_axisvector ?NODE_outputlattice_angletriple ?NODE_outputlattice_lengthtriple ?output_matrix ?output_lattice_x_axisvector ?output_lattice_y_axisvector ?output_lattice_z_axisvector ?output_lattice_length_A ?output_lattice_length_B ?output_lattice_length_C ?output_lattice_angle_alpha ?output_lattice_angle_beta ?output_lattice_angle_gamma ?output_lattice_volume ?material ?NODE_output_pg ?NODE_output_sg ?output_sg ?output_sg_symbol ?output_sg_id ?output_pg_name ?output_lattice_type ?site ?NODE_site ?NODE_species ?NODE_site_fractional_coordinates ?NODE_site_cartesian_coordinates ?species ?abc ?fractional_coordinate_x ?fractional_coordinate_y ?fractional_coordinate_z ?xyz ?cartesian_coordinate_x ?cartesian_coordinate_y ?cartesian_coordinate_z ?element ?elements ?NODE_atom ?species_element ?species_element_ratio ) {
  ( "{\"_id\": \"5dd46888cd0446b0dbb7423b\", \"ano\n ... \"id\": \"core\"}]}"^^<http://www.iana.org/assignments/media-types/application/json> "mp-989545" "5dd46888cd0446b0dbb7423b" 3.0737e0 -33.59225391e0 -3.359225391e0 -1.8570335364749653 2.764089273969504e0 <https://w3id.org/mdo/data/1.0/mp-989545_band_gap> _:b0 <https://w3id.org/mdo/data/1.0/mp-989545_final_energy> _:b1 <https://w3id.org/mdo/data/1.0/mp-989545_final_energy_per_atom> _:b2 <https://w3id.org/mdo/data/1.0/mp-989545_formation_energy_per_atom> _:b3 <https://w3id.org/mdo/data/1.0/mp-989545_density> _:b4 <https://w3id.org/mdo/data/1.0/mp-989545_composition> "Rb2Na1Sb1Cl6" "{\"A\":1.0,\"B\":1.0,\"C\":2.0,\"D\":6.0}"^^<http://www.iana.org/assignments/media-types/application/json> <https://w3id.org/mdo/data/1.0/mp-989545_calculation> <https://w3id.org/mdo/data/1.0/mp-989545_reference> "[{\"name\":\"Felix Faber\",\"email\":\"faber.fe\n ... sproject.org\"}]" "10.17188/1316844" "2015-12-14 18:02:49" <https://w3id.org/mdo/data/1.0/mp-989545_input_structure> <https://w3id.org/mdo/data/1.0/mp-989545_output_structure> <https://w3id.org/mdo/data/1.0/mp-989545_input_occupancy> <https://w3id.org/mdo/data/1.0/mp-989545_output_occupancy> "[{\"species\":[{\"element\":\"Rb\",\"occu\":1}],\n ... roperties\":{}}]" "{\"matrix\":[[0.0,5.414084,5.414084],[5.41\n ... .3985690607923}"^^<http://www.iana.org/assignments/media-types/application/json> <https://w3id.org/mdo/data/1.0/mp-989545_input_lattice> <https://w3id.org/mdo/data/1.0/mp-989545_input_lattice_axisvector> <https://w3id.org/mdo/data/1.0/mp-989545_input_lattice_angletriple> <https://w3id.org/mdo/data/1.0/mp-989545_input_lattice_lengthtriple> "[0.0,5.414084,5.414084]" "[5.414084,0.0,5.414084]" "[5.414084,5.414084,0.0]" 7.656671020627176e0 7.656671020627176e0 7.656671020627176e0 60.00000000000001e0 60.00000000000001e0 60.00000000000001e0 317.3985690607923e0 "[{\"species\":[{\"element\":\"Rb\",\"occu\":1}],\n ... \"magmom\":0.0}}]" "{\"matrix\":[[0.0,5.41432352,5.41432352],[\n ... .4406962250153}"^^<http://www.iana.org/assignments/media-types/application/json> <https://w3id.org/mdo/data/1.0/mp-989545_output_lattice> <https://w3id.org/mdo/data/1.0/mp-989545_output_lattice_axisvector> <https://w3id.org/mdo/data/1.0/mp-989545_output_lattice_angletriple> <https://w3id.org/mdo/data/1.0/mp-989545_output_lattice_lengthtriple> "[[0.0,5.41432352,5.41432352],[5.41432352\n ... .41432352,0.0]]" "[0.0,5.41432352,5.41432352]" "[5.41432352,-0.0,5.41432352]" "[5.41432352,5.41432352,0.0]" 7.6570097530596355e0 7.6570097530596355e0 7.6570097530596355e0 60.00000000000001e0 60.00000000000001e0 60.00000000000001e0 317.4406962250153e0 <https://w3id.org/mdo/data/1.0/mp-989545_material> <https://w3id.org/mdo/data/1.0/mp-989545_output_pg> <https://w3id.org/mdo/data/1.0/mp-989545_output_sg> "{\"symprec\":0.1,\"source\":\"spglib\",\"symbol\n ... ll\":\"-F 4 2 3\"}"^^<http://www.iana.org/assignments/media-types/application/json> "Fm-3m" 225 "m-3m" "cubic" "{\"species\":[{\"element\":\"Sb\",\"occu\":1}],\"\n ... {\"magmom\":0.0}}"^^<http://www.iana.org/assignments/media-types/application/json> _:b5 _:b6 _:b7 _:b8 "[{\"element\":\"Sb\",\"occu\":1}]" "[0.0,-0.0,0.0]" 0.0e0 -0.0e0 0.0e0 "[0.0,0.0,0.0]" 0.0e0 0.0e0 0.0e0 "Sb" "{\"element\":\"Sb\",\"occu\":1}"^^<http://www.iana.org/assignments/media-types/application/json> _:b9 "Sb" 1 )
  ( "{\"_id\": \"5dd46888cd0446b0dbb7423b\", \"ano\n ... \"id\": \"core\"}]}"^^<http://www.iana.org/assignments/media-types/application/json> "mp-989545" "5dd46888cd0446b0dbb7423b" 3.0737e0 -33.59225391e0 -3.359225391e0 -1.8570335364749653 2.764089273969504e0 <https://w3id.org/mdo/data/1.0/mp-989545_band_gap> _:b0 <https://w3id.org/mdo/data/1.0/mp-989545_final_energy> _:b1 <https://w3id.org/mdo/data/1.0/mp-989545_final_energy_per_atom> _:b2 <https://w3id.org/mdo/data/1.0/mp-989545_formation_energy_per_atom> _:b3 <https://w3id.org/mdo/data/1.0/mp-989545_density> _:b4 <https://w3id.org/mdo/data/1.0/mp-989545_composition> "Rb2Na1Sb1Cl6" "{\"A\":1.0,\"B\":1.0,\"C\":2.0,\"D\":6.0}"^^<http://www.iana.org/assignments/media-types/application/json> <https://w3id.org/mdo/data/1.0/mp-989545_calculation> <https://w3id.org/mdo/data/1.0/mp-989545_reference> "[{\"name\":\"Felix Faber\",\"email\":\"faber.fe\n ... sproject.org\"}]" "10.17188/1316844" "2015-12-14 18:02:49" <https://w3id.org/mdo/data/1.0/mp-989545_input_structure> <https://w3id.org/mdo/data/1.0/mp-989545_output_structure> <https://w3id.org/mdo/data/1.0/mp-989545_input_occupancy> <https://w3id.org/mdo/data/1.0/mp-989545_output_occupancy> "[{\"species\":[{\"element\":\"Rb\",\"occu\":1}],\n ... roperties\":{}}]" "{\"matrix\":[[0.0,5.414084,5.414084],[5.41\n ... .3985690607923}"^^<http://www.iana.org/assignments/media-types/application/json> <https://w3id.org/mdo/data/1.0/mp-989545_input_lattice> <https://w3id.org/mdo/data/1.0/mp-989545_input_lattice_axisvector> <https://w3id.org/mdo/data/1.0/mp-989545_input_lattice_angletriple> <https://w3id.org/mdo/data/1.0/mp-989545_input_lattice_lengthtriple> "[0.0,5.414084,5.414084]" "[5.414084,0.0,5.414084]" "[5.414084,5.414084,0.0]" 7.656671020627176e0 7.656671020627176e0 7.656671020627176e0 60.00000000000001e0 60.00000000000001e0 60.00000000000001e0 317.3985690607923e0 "[{\"species\":[{\"element\":\"Rb\",\"occu\":1}],\n ... \"magmom\":0.0}}]" "{\"matrix\":[[0.0,5.41432352,5.41432352],[\n ... .4406962250153}"^^<http://www.iana.org/assignments/media-types/application/json> <https://w3id.org/mdo/data/1.0/mp-989545_output_lattice> <https://w3id.org/mdo/data/1.0/mp-989545_output_lattice_axisvector> <https://w3id.org/mdo/data/1.0/mp-989545_output_lattice_angletriple> <https://w3id.org/mdo/data/1.0/mp-989545_output_lattice_lengthtriple> "[[0.0,5.41432352,5.41432352],[5.41432352\n ... .41432352,0.0]]" "[0.0,5.41432352,5.41432352]" "[5.41432352,-0.0,5.41432352]" "[5.41432352,5.41432352,0.0]" 7.6570097530596355e0 7.6570097530596355e0 7.6570097530596355e0 60.00000000000001e0 60.00000000000001e0 60.00000000000001e0 317.4406962250153e0 <https://w3id.org/mdo/data/1.0/mp-989545_material> <https://w3id.org/mdo/data/1.0/mp-989545_output_pg> <https://w3id.org/mdo/data/1.0/mp-989545_output_sg> "{\"symprec\":0.1,\"source\":\"spglib\",\"symbol\n ... ll\":\"-F 4 2 3\"}"^^<http://www.iana.org/assignments/media-types/application/json> "Fm-3m" 225 "m-3m" "cubic" "{\"species\":[{\"element\":\"Cl\",\"occu\":1}],\"\n ... {\"magmom\":0.0}}"^^<http://www.iana.org/assignments/media-types/application/json> _:b10 _:b11 _:b12 _:b13 "[{\"element\":\"Cl\",\"occu\":1}]" "[0.24546027,0.75453973,0.24546027]" 0.24546027e0 0.75453973e0 0.24546027e0 "[5.41432352,2.6580026261731007,5.41432352]" 5.41432352e0 2.6580026261731007e0 5.41432352e0 "Cl" "{\"element\":\"Cl\",\"occu\":1}"^^<http://www.iana.org/assignments/media-types/application/json> _:b14 "Cl" 1 )
  ( "{\"_id\": \"5dd46888cd0446b0dbb7423b\", \"ano\n ... \"id\": \"core\"}]}"^^<http://www.iana.org/assignments/media-types/application/json> "mp-989545" "5dd46888cd0446b0dbb7423b" 3.0737e0 -33.59225391e0 -3.359225391e0 -1.8570335364749653 2.764089273969504e0 <https://w3id.org/mdo/data/1.0/mp-989545_band_gap> _:b0 <https://w3id.org/mdo/data/1.0/mp-989545_final_energy> _:b1 <https://w3id.org/mdo/data/1.0/mp-989545_final_energy_per_atom> _:b2 <https://w3id.org/mdo/data/1.0/mp-989545_formation_energy_per_atom> _:b3 <https://w3id.org/mdo/data/1.0/mp-989545_density> _:b4 <https://w3id.org/mdo/data/1.0/mp-989545_composition> "Rb2Na1Sb1Cl6" "{\"A\":1.0,\"B\":1.0,\"C\":2.0,\"D\":6.0}"^^<http://www.iana.org/assignments/media-types/application/json> <https://w3id.org/mdo/data/1.0/mp-989545_calculation> <https://w3id.org/mdo/data/1.0/mp-989545_reference> "[{\"name\":\"Felix Faber\",\"email\":\"faber.fe\n ... sproject.org\"}]" "10.17188/1316844" "2015-12-14 18:02:49" <https://w3id.org/mdo/data/1.0/mp-989545_input_structure> <https://w3id.org/mdo/data/1.0/mp-989545_output_structure> <https://w3id.org/mdo/data/1.0/mp-989545_input_occupancy> <https://w3id.org/mdo/data/1.0/mp-989545_output_occupancy> "[{\"species\":[{\"element\":\"Rb\",\"occu\":1}],\n ... roperties\":{}}]" "{\"matrix\":[[0.0,5.414084,5.414084],[5.41\n ... .3985690607923}"^^<http://www.iana.org/assignments/media-types/application/json> <https://w3id.org/mdo/data/1.0/mp-989545_input_lattice> <https://w3id.org/mdo/data/1.0/mp-989545_input_lattice_axisvector> <https://w3id.org/mdo/data/1.0/mp-989545_input_lattice_angletriple> <https://w3id.org/mdo/data/1.0/mp-989545_input_lattice_lengthtriple> "[0.0,5.414084,5.414084]" "[5.414084,0.0,5.414084]" "[5.414084,5.414084,0.0]" 7.656671020627176e0 7.656671020627176e0 7.656671020627176e0 60.00000000000001e0 60.00000000000001e0 60.00000000000001e0 317.3985690607923e0 "[{\"species\":[{\"element\":\"Rb\",\"occu\":1}],\n ... \"magmom\":0.0}}]" "{\"matrix\":[[0.0,5.41432352,5.41432352],[\n ... .4406962250153}"^^<http://www.iana.org/assignments/media-types/application/json> <https://w3id.org/mdo/data/1.0/mp-989545_output_lattice> <https://w3id.org/mdo/data/1.0/mp-989545_output_lattice_axisvector> <https://w3id.org/mdo/data/1.0/mp-989545_output_lattice_angletriple> <https://w3id.org/mdo/data/1.0/mp-989545_output_lattice_lengthtriple> "[[0.0,5.41432352,5.41432352],[5.41432352\n ... .41432352,0.0]]" "[0.0,5.41432352,5.41432352]" "[5.41432352,-0.0,5.41432352]" "[5.41432352,5.41432352,0.0]" 7.6570097530596355e0 7.6570097530596355e0 7.6570097530596355e0 60.00000000000001e0 60.00000000000001e0 60.00000000000001e0 317.4406962250153e0 <https://w3id.org/mdo/data/1.0/mp-989545_material> <https://w3id.org/mdo/data/1.0/mp-989545_output_pg> <https://w3id.org/mdo/data/1.0/mp-989545_output_sg> "{\"symprec\":0.1,\"source\":\"spglib\",\"symbol\n ... ll\":\"-F 4 2 3\"}"^^<http://www.iana.org/assignments/media-types/application/json> "Fm-3m" 225 "m-3m" "cubic" "{\"species\":[{\"element\":\"Na\",\"occu\":1}],\"\n ... \"magmom\":-0.0}}"^^<http://www.iana.org/assignments/media-types/application/json> _:b15 _:b16 _:b17 _:b18 "[{\"element\":\"Na\",\"occu\":1}]" "[0.5,0.5,0.5]" 0.5e0 0.5e0 0.5e0 "[5.41432352,5.41432352,5.41432352]" 5.41432352e0 5.41432352e0 5.41432352e0 "Na" "{\"element\":\"Na\",\"occu\":1}"^^<http://www.iana.org/assignments/media-types/application/json> _:b19 "Na" 1 )
  ( "{\"_id\": \"5dd46888cd0446b0dbb7423b\", \"ano\n ... \"id\": \"core\"}]}"^^<http://www.iana.org/assignments/media-types/application/json> "mp-989545" "5dd46888cd0446b0dbb7423b" 3.0737e0 -33.59225391e0 -3.359225391e0 -1.8570335364749653 2.764089273969504e0 <https://w3id.org/mdo/data/1.0/mp-989545_band_gap> _:b0 <https://w3id.org/mdo/data/1.0/mp-989545_final_energy> _:b1 <https://w3id.org/mdo/data/1.0/mp-989545_final_energy_per_atom> _:b2 <https://w3id.org/mdo/data/1.0/mp-989545_formation_energy_per_atom> _:b3 <https://w3id.org/mdo/data/1.0/mp-989545_density> _:b4 <https://w3id.org/mdo/data/1.0/mp-989545_composition> "Rb2Na1Sb1Cl6" "{\"A\":1.0,\"B\":1.0,\"C\":2.0,\"D\":6.0}"^^<http://www.iana.org/assignments/media-types/application/json> <https://w3id.org/mdo/data/1.0/mp-989545_calculation> <https://w3id.org/mdo/data/1.0/mp-989545_reference> "[{\"name\":\"Felix Faber\",\"email\":\"faber.fe\n ... sproject.org\"}]" "10.17188/1316844" "2015-12-14 18:02:49" <https://w3id.org/mdo/data/1.0/mp-989545_input_structure> <https://w3id.org/mdo/data/1.0/mp-989545_output_structure> <https://w3id.org/mdo/data/1.0/mp-989545_input_occupancy> <https://w3id.org/mdo/data/1.0/mp-989545_output_occupancy> "[{\"species\":[{\"element\":\"Rb\",\"occu\":1}],\n ... roperties\":{}}]" "{\"matrix\":[[0.0,5.414084,5.414084],[5.41\n ... .3985690607923}"^^<http://www.iana.org/assignments/media-types/application/json> <https://w3id.org/mdo/data/1.0/mp-989545_input_lattice> <https://w3id.org/mdo/data/1.0/mp-989545_input_lattice_axisvector> <https://w3id.org/mdo/data/1.0/mp-989545_input_lattice_angletriple> <https://w3id.org/mdo/data/1.0/mp-989545_input_lattice_lengthtriple> "[0.0,5.414084,5.414084]" "[5.414084,0.0,5.414084]" "[5.414084,5.414084,0.0]" 7.656671020627176e0 7.656671020627176e0 7.656671020627176e0 60.00000000000001e0 60.00000000000001e0 60.00000000000001e0 317.3985690607923e0 "[{\"species\":[{\"element\":\"Rb\",\"occu\":1}],\n ... \"magmom\":0.0}}]" "{\"matrix\":[[0.0,5.41432352,5.41432352],[\n ... .4406962250153}"^^<http://www.iana.org/assignments/media-types/application/json> <https://w3id.org/mdo/data/1.0/mp-989545_output_lattice> <https://w3id.org/mdo/data/1.0/mp-989545_output_lattice_axisvector> <https://w3id.org/mdo/data/1.0/mp-989545_output_lattice_angletriple> <https://w3id.org/mdo/data/1.0/mp-989545_output_lattice_lengthtriple> "[[0.0,5.41432352,5.41432352],[5.41432352\n ... .41432352,0.0]]" "[0.0,5.41432352,5.41432352]" "[5.41432352,-0.0,5.41432352]" "[5.41432352,5.41432352,0.0]" 7.6570097530596355e0 7.6570097530596355e0 7.6570097530596355e0 60.00000000000001e0 60.00000000000001e0 60.00000000000001e0 317.4406962250153e0 <https://w3id.org/mdo/data/1.0/mp-989545_material> <https://w3id.org/mdo/data/1.0/mp-989545_output_pg> <https://w3id.org/mdo/data/1.0/mp-989545_output_sg> "{\"symprec\":0.1,\"source\":\"spglib\",\"symbol\n ... ll\":\"-F 4 2 3\"}"^^<http://www.iana.org/assignments/media-types/application/json> "Fm-3m" 225 "m-3m" "cubic" "{\"species\":[{\"element\":\"Rb\",\"occu\":1}],\"\n ... {\"magmom\":0.0}}"^^<http://www.iana.org/assignments/media-types/application/json> _:b20 _:b21 _:b22 _:b23 "[{\"element\":\"Rb\",\"occu\":1}]" "[0.75,0.75,0.75]" 0.75e0 0.75e0 0.75e0 "[8.12148528,8.12148528,8.12148528]" 8.12148528e0 8.12148528e0 8.12148528e0 "Rb" "{\"element\":\"Rb\",\"occu\":1}"^^<http://www.iana.org/assignments/media-types/application/json> _:b24 "Rb" 1 )
  ( "{\"_id\": \"5dd46888cd0446b0dbb7423b\", \"ano\n ... \"id\": \"core\"}]}"^^<http://www.iana.org/assignments/media-types/application/json> "mp-989545" "5dd46888cd0446b0dbb7423b" 3.0737e0 -33.59225391e0 -3.359225391e0 -1.8570335364749653 2.764089273969504e0 <https://w3id.org/mdo/data/1.0/mp-989545_band_gap> _:b0 <https://w3id.org/mdo/data/1.0/mp-989545_final_energy> _:b1 <https://w3id.org/mdo/data/1.0/mp-989545_final_energy_per_atom> _:b2 <https://w3id.org/mdo/data/1.0/mp-989545_formation_energy_per_atom> _:b3 <https://w3id.org/mdo/data/1.0/mp-989545_density> _:b4 <https://w3id.org/mdo/data/1.0/mp-989545_composition> "Rb2Na1Sb1Cl6" "{\"A\":1.0,\"B\":1.0,\"C\":2.0,\"D\":6.0}"^^<http://www.iana.org/assignments/media-types/application/json> <https://w3id.org/mdo/data/1.0/mp-989545_calculation> <https://w3id.org/mdo/data/1.0/mp-989545_reference> "[{\"name\":\"Felix Faber\",\"email\":\"faber.fe\n ... sproject.org\"}]" "10.17188/1316844" "2015-12-14 18:02:49" <https://w3id.org/mdo/data/1.0/mp-989545_input_structure> <https://w3id.org/mdo/data/1.0/mp-989545_output_structure> <https://w3id.org/mdo/data/1.0/mp-989545_input_occupancy> <https://w3id.org/mdo/data/1.0/mp-989545_output_occupancy> "[{\"species\":[{\"element\":\"Rb\",\"occu\":1}],\n ... roperties\":{}}]" "{\"matrix\":[[0.0,5.414084,5.414084],[5.41\n ... .3985690607923}"^^<http://www.iana.org/assignments/media-types/application/json> <https://w3id.org/mdo/data/1.0/mp-989545_input_lattice> <https://w3id.org/mdo/data/1.0/mp-989545_input_lattice_axisvector> <https://w3id.org/mdo/data/1.0/mp-989545_input_lattice_angletriple> <https://w3id.org/mdo/data/1.0/mp-989545_input_lattice_lengthtriple> "[0.0,5.414084,5.414084]" "[5.414084,0.0,5.414084]" "[5.414084,5.414084,0.0]" 7.656671020627176e0 7.656671020627176e0 7.656671020627176e0 60.00000000000001e0 60.00000000000001e0 60.00000000000001e0 317.3985690607923e0 "[{\"species\":[{\"element\":\"Rb\",\"occu\":1}],\n ... \"magmom\":0.0}}]" "{\"matrix\":[[0.0,5.41432352,5.41432352],[\n ... .4406962250153}"^^<http://www.iana.org/assignments/media-types/application/json> <https://w3id.org/mdo/data/1.0/mp-989545_output_lattice> <https://w3id.org/mdo/data/1.0/mp-989545_output_lattice_axisvector> <https://w3id.org/mdo/data/1.0/mp-989545_output_lattice_angletriple> <https://w3id.org/mdo/data/1.0/mp-989545_output_lattice_lengthtriple> "[[0.0,5.41432352,5.41432352],[5.41432352\n ... .41432352,0.0]]" "[0.0,5.41432352,5.41432352]" "[5.41432352,-0.0,5.41432352]" "[5.41432352,5.41432352,0.0]" 7.6570097530596355e0 7.6570097530596355e0 7.6570097530596355e0 60.00000000000001e0 60.00000000000001e0 60.00000000000001e0 317.4406962250153e0 <https://w3id.org/mdo/data/1.0/mp-989545_material> <https://w3id.org/mdo/data/1.0/mp-989545_output_pg> <https://w3id.org/mdo/data/1.0/mp-989545_output_sg> "{\"symprec\":0.1,\"source\":\"spglib\",\"symbol\n ... ll\":\"-F 4 2 3\"}"^^<http://www.iana.org/assignments/media-types/application/json> "Fm-3m" 225 "m-3m" "cubic" "{\"species\":[{\"element\":\"Cl\",\"occu\":1}],\"\n ... {\"magmom\":0.0}}"^^<http://www.iana.org/assignments/media-types/application/json> _:b25 _:b26 _:b27 _:b28 "[{\"element\":\"Cl\",\"occu\":1}]" "[0.75453973,0.24546027,0.75453973]" 0.75453973e0 0.24546027e0 0.75453973e0 "[5.41432352,8.1706444138269,5.41432352]" 5.41432352e0 8.1706444138269e0 5.41432352e0 "Cl" "{\"element\":\"Cl\",\"occu\":1}"^^<http://www.iana.org/assignments/media-types/application/json> _:b29 "Cl" 1 )
  ( "[ 0 more ]" "[ 0 more ]" "[ 0 more ]" "[ 0 more ]" "[ 0 more ]" "[ 0 more ]" "[ 0 more ]" "[ 0 more ]" "[ 0 more ]" "[ 0 more ]" "[ 0 more ]" "[ 0 more ]" "[ 0 more ]" "[ 0 more ]" "[ 0 more ]" "[ 0 more ]" "[ 0 more ]" "[ 0 more ]" "[ 0 more ]" "[ 0 more ]" "[ 0 more ]" "[ 0 more ]" "[ 0 more ]" "[ 0 more ]" "[ 0 more ]" "[ 0 more ]" "[ 0 more ]" "[ 0 more ]" "[ 0 more ]" "[ 0 more ]" "[ 0 more ]" "[ 0 more ]" "[ 0 more ]" "[ 0 more ]" "[ 0 more ]" "[ 0 more ]" "[ 0 more ]" "[ 0 more ]" "[ 0 more ]" "[ 0 more ]" "[ 0 more ]" "[ 0 more ]" "[ 0 more ]" "[ 0 more ]" "[ 0 more ]" "[ 0 more ]" "[ 0 more ]" "[ 0 more ]" "[ 0 more ]" "[ 0 more ]" "[ 0 more ]" "[ 0 more ]" "[ 0 more ]" "[ 0 more ]" "[ 0 more ]" "[ 0 more ]" "[ 0 more ]" "[ 0 more ]" "[ 0 more ]" "[ 0 more ]" "[ 0 more ]" "[ 0 more ]" "[ 0 more ]" "[ 0 more ]" "[ 0 more ]" "[ 0 more ]" "[ 0 more ]" "[ 0 more ]" "[ 0 more ]" "[ 0 more ]" "[ 0 more ]" "[ 0 more ]" "[ 0 more ]" "[ 0 more ]" "[ 0 more ]" "[ 0 more ]" "[ 0 more ]" "[ 0 more ]" "[ 0 more ]" "[ 0 more ]" "[ 0 more ]" "[ 0 more ]" "[ 0 more ]" "[ 0 more ]" "[ 0 more ]" "[ 0 more ]" "[ 0 more ]" "[ 0 more ]" "[ 0 more ]" "[ 0 more ]" )
  ( "{\"_id\": \"5dd46888cd0446b0dbb7423b\", \"ano\n ... \"id\": \"core\"}]}"^^<http://www.iana.org/assignments/media-types/application/json> "mp-989545" "5dd46888cd0446b0dbb7423b" 3.0737e0 -33.59225391e0 -3.359225391e0 -1.8570335364749653 2.764089273969504e0 <https://w3id.org/mdo/data/1.0/mp-989545_band_gap> _:b0 <https://w3id.org/mdo/data/1.0/mp-989545_final_energy> _:b1 <https://w3id.org/mdo/data/1.0/mp-989545_final_energy_per_atom> _:b2 <https://w3id.org/mdo/data/1.0/mp-989545_formation_energy_per_atom> _:b3 <https://w3id.org/mdo/data/1.0/mp-989545_density> _:b4 <https://w3id.org/mdo/data/1.0/mp-989545_composition> "Rb2Na1Sb1Cl6" "{\"A\":1.0,\"B\":1.0,\"C\":2.0,\"D\":6.0}"^^<http://www.iana.org/assignments/media-types/application/json> <https://w3id.org/mdo/data/1.0/mp-989545_calculation> <https://w3id.org/mdo/data/1.0/mp-989545_reference> "[{\"name\":\"Felix Faber\",\"email\":\"faber.fe\n ... sproject.org\"}]" "10.17188/1316844" "2015-12-14 18:02:49" <https://w3id.org/mdo/data/1.0/mp-989545_input_structure> <https://w3id.org/mdo/data/1.0/mp-989545_output_structure> <https://w3id.org/mdo/data/1.0/mp-989545_input_occupancy> <https://w3id.org/mdo/data/1.0/mp-989545_output_occupancy> "[{\"species\":[{\"element\":\"Rb\",\"occu\":1}],\n ... roperties\":{}}]" "{\"matrix\":[[0.0,5.414084,5.414084],[5.41\n ... .3985690607923}"^^<http://www.iana.org/assignments/media-types/application/json> <https://w3id.org/mdo/data/1.0/mp-989545_input_lattice> <https://w3id.org/mdo/data/1.0/mp-989545_input_lattice_axisvector> <https://w3id.org/mdo/data/1.0/mp-989545_input_lattice_angletriple> <https://w3id.org/mdo/data/1.0/mp-989545_input_lattice_lengthtriple> "[0.0,5.414084,5.414084]" "[5.414084,0.0,5.414084]" "[5.414084,5.414084,0.0]" 7.656671020627176e0 7.656671020627176e0 7.656671020627176e0 60.00000000000001e0 60.00000000000001e0 60.00000000000001e0 317.3985690607923e0 "[{\"species\":[{\"element\":\"Rb\",\"occu\":1}],\n ... \"magmom\":0.0}}]" "{\"matrix\":[[0.0,5.41432352,5.41432352],[\n ... .4406962250153}"^^<http://www.iana.org/assignments/media-types/application/json> <https://w3id.org/mdo/data/1.0/mp-989545_output_lattice> <https://w3id.org/mdo/data/1.0/mp-989545_output_lattice_axisvector> <https://w3id.org/mdo/data/1.0/mp-989545_output_lattice_angletriple> <https://w3id.org/mdo/data/1.0/mp-989545_output_lattice_lengthtriple> "[[0.0,5.41432352,5.41432352],[5.41432352\n ... .41432352,0.0]]" "[0.0,5.41432352,5.41432352]" "[5.41432352,-0.0,5.41432352]" "[5.41432352,5.41432352,0.0]" 7.6570097530596355e0 7.6570097530596355e0 7.6570097530596355e0 60.00000000000001e0 60.00000000000001e0 60.00000000000001e0 317.4406962250153e0 <https://w3id.org/mdo/data/1.0/mp-989545_material> <https://w3id.org/mdo/data/1.0/mp-989545_output_pg> <https://w3id.org/mdo/data/1.0/mp-989545_output_sg> "{\"symprec\":0.1,\"source\":\"spglib\",\"symbol\n ... ll\":\"-F 4 2 3\"}"^^<http://www.iana.org/assignments/media-types/application/json> "Fm-3m" 225 "m-3m" "cubic" "{\"species\":[{\"element\":\"Cl\",\"occu\":1}],\"\n ... {\"magmom\":0.0}}"^^<http://www.iana.org/assignments/media-types/application/json> _:b30 _:b31 _:b32 _:b33 "[{\"element\":\"Cl\",\"occu\":1}]" "[0.24546027,0.75453973,0.75453973]" 0.24546027e0 0.75453973e0 0.75453973e0 "[8.1706444138269,5.41432352,5.41432352]" 8.1706444138269e0 5.41432352e0 5.41432352e0 "Cl" "{\"element\":\"Cl\",\"occu\":1}"^^<http://www.iana.org/assignments/media-types/application/json> _:b34 "Cl" 1 )
  ( "{\"_id\": \"5dd46888cd0446b0dbb7423b\", \"ano\n ... \"id\": \"core\"}]}"^^<http://www.iana.org/assignments/media-types/application/json> "mp-989545" "5dd46888cd0446b0dbb7423b" 3.0737e0 -33.59225391e0 -3.359225391e0 -1.8570335364749653 2.764089273969504e0 <https://w3id.org/mdo/data/1.0/mp-989545_band_gap> _:b0 <https://w3id.org/mdo/data/1.0/mp-989545_final_energy> _:b1 <https://w3id.org/mdo/data/1.0/mp-989545_final_energy_per_atom> _:b2 <https://w3id.org/mdo/data/1.0/mp-989545_formation_energy_per_atom> _:b3 <https://w3id.org/mdo/data/1.0/mp-989545_density> _:b4 <https://w3id.org/mdo/data/1.0/mp-989545_composition> "Rb2Na1Sb1Cl6" "{\"A\":1.0,\"B\":1.0,\"C\":2.0,\"D\":6.0}"^^<http://www.iana.org/assignments/media-types/application/json> <https://w3id.org/mdo/data/1.0/mp-989545_calculation> <https://w3id.org/mdo/data/1.0/mp-989545_reference> "[{\"name\":\"Felix Faber\",\"email\":\"faber.fe\n ... sproject.org\"}]" "10.17188/1316844" "2015-12-14 18:02:49" <https://w3id.org/mdo/data/1.0/mp-989545_input_structure> <https://w3id.org/mdo/data/1.0/mp-989545_output_structure> <https://w3id.org/mdo/data/1.0/mp-989545_input_occupancy> <https://w3id.org/mdo/data/1.0/mp-989545_output_occupancy> "[{\"species\":[{\"element\":\"Rb\",\"occu\":1}],\n ... roperties\":{}}]" "{\"matrix\":[[0.0,5.414084,5.414084],[5.41\n ... .3985690607923}"^^<http://www.iana.org/assignments/media-types/application/json> <https://w3id.org/mdo/data/1.0/mp-989545_input_lattice> <https://w3id.org/mdo/data/1.0/mp-989545_input_lattice_axisvector> <https://w3id.org/mdo/data/1.0/mp-989545_input_lattice_angletriple> <https://w3id.org/mdo/data/1.0/mp-989545_input_lattice_lengthtriple> "[0.0,5.414084,5.414084]" "[5.414084,0.0,5.414084]" "[5.414084,5.414084,0.0]" 7.656671020627176e0 7.656671020627176e0 7.656671020627176e0 60.00000000000001e0 60.00000000000001e0 60.00000000000001e0 317.3985690607923e0 "[{\"species\":[{\"element\":\"Rb\",\"occu\":1}],\n ... \"magmom\":0.0}}]" "{\"matrix\":[[0.0,5.41432352,5.41432352],[\n ... .4406962250153}"^^<http://www.iana.org/assignments/media-types/application/json> <https://w3id.org/mdo/data/1.0/mp-989545_output_lattice> <https://w3id.org/mdo/data/1.0/mp-989545_output_lattice_axisvector> <https://w3id.org/mdo/data/1.0/mp-989545_output_lattice_angletriple> <https://w3id.org/mdo/data/1.0/mp-989545_output_lattice_lengthtriple> "[[0.0,5.41432352,5.41432352],[5.41432352\n ... .41432352,0.0]]" "[0.0,5.41432352,5.41432352]" "[5.41432352,-0.0,5.41432352]" "[5.41432352,5.41432352,0.0]" 7.6570097530596355e0 7.6570097530596355e0 7.6570097530596355e0 60.00000000000001e0 60.00000000000001e0 60.00000000000001e0 317.4406962250153e0 <https://w3id.org/mdo/data/1.0/mp-989545_material> <https://w3id.org/mdo/data/1.0/mp-989545_output_pg> <https://w3id.org/mdo/data/1.0/mp-989545_output_sg> "{\"symprec\":0.1,\"source\":\"spglib\",\"symbol\n ... ll\":\"-F 4 2 3\"}"^^<http://www.iana.org/assignments/media-types/application/json> "Fm-3m" 225 "m-3m" "cubic" "{\"species\":[{\"element\":\"Cl\",\"occu\":1}],\"\n ... {\"magmom\":0.0}}"^^<http://www.iana.org/assignments/media-types/application/json> _:b35 _:b36 _:b37 _:b38 "[{\"element\":\"Cl\",\"occu\":1}]" "[0.75453973,0.75453973,0.24546027]" 0.75453973e0 0.75453973e0 0.24546027e0 "[5.41432352,5.41432352,8.1706444138269]" 5.41432352e0 5.41432352e0 8.1706444138269e0 "Cl" "{\"element\":\"Cl\",\"occu\":1}"^^<http://www.iana.org/assignments/media-types/application/json> _:b39 "Cl" 1 )
  ( "{\"_id\": \"5dd46888cd0446b0dbb7423b\", \"ano\n ... \"id\": \"core\"}]}"^^<http://www.iana.org/assignments/media-types/application/json> "mp-989545" "5dd46888cd0446b0dbb7423b" 3.0737e0 -33.59225391e0 -3.359225391e0 -1.8570335364749653 2.764089273969504e0 <https://w3id.org/mdo/data/1.0/mp-989545_band_gap> _:b0 <https://w3id.org/mdo/data/1.0/mp-989545_final_energy> _:b1 <https://w3id.org/mdo/data/1.0/mp-989545_final_energy_per_atom> _:b2 <https://w3id.org/mdo/data/1.0/mp-989545_formation_energy_per_atom> _:b3 <https://w3id.org/mdo/data/1.0/mp-989545_density> _:b4 <https://w3id.org/mdo/data/1.0/mp-989545_composition> "Rb2Na1Sb1Cl6" "{\"A\":1.0,\"B\":1.0,\"C\":2.0,\"D\":6.0}"^^<http://www.iana.org/assignments/media-types/application/json> <https://w3id.org/mdo/data/1.0/mp-989545_calculation> <https://w3id.org/mdo/data/1.0/mp-989545_reference> "[{\"name\":\"Felix Faber\",\"email\":\"faber.fe\n ... sproject.org\"}]" "10.17188/1316844" "2015-12-14 18:02:49" <https://w3id.org/mdo/data/1.0/mp-989545_input_structure> <https://w3id.org/mdo/data/1.0/mp-989545_output_structure> <https://w3id.org/mdo/data/1.0/mp-989545_input_occupancy> <https://w3id.org/mdo/data/1.0/mp-989545_output_occupancy> "[{\"species\":[{\"element\":\"Rb\",\"occu\":1}],\n ... roperties\":{}}]" "{\"matrix\":[[0.0,5.414084,5.414084],[5.41\n ... .3985690607923}"^^<http://www.iana.org/assignments/media-types/application/json> <https://w3id.org/mdo/data/1.0/mp-989545_input_lattice> <https://w3id.org/mdo/data/1.0/mp-989545_input_lattice_axisvector> <https://w3id.org/mdo/data/1.0/mp-989545_input_lattice_angletriple> <https://w3id.org/mdo/data/1.0/mp-989545_input_lattice_lengthtriple> "[0.0,5.414084,5.414084]" "[5.414084,0.0,5.414084]" "[5.414084,5.414084,0.0]" 7.656671020627176e0 7.656671020627176e0 7.656671020627176e0 60.00000000000001e0 60.00000000000001e0 60.00000000000001e0 317.3985690607923e0 "[{\"species\":[{\"element\":\"Rb\",\"occu\":1}],\n ... \"magmom\":0.0}}]" "{\"matrix\":[[0.0,5.41432352,5.41432352],[\n ... .4406962250153}"^^<http://www.iana.org/assignments/media-types/application/json> <https://w3id.org/mdo/data/1.0/mp-989545_output_lattice> <https://w3id.org/mdo/data/1.0/mp-989545_output_lattice_axisvector> <https://w3id.org/mdo/data/1.0/mp-989545_output_lattice_angletriple> <https://w3id.org/mdo/data/1.0/mp-989545_output_lattice_lengthtriple> "[[0.0,5.41432352,5.41432352],[5.41432352\n ... .41432352,0.0]]" "[0.0,5.41432352,5.41432352]" "[5.41432352,-0.0,5.41432352]" "[5.41432352,5.41432352,0.0]" 7.6570097530596355e0 7.6570097530596355e0 7.6570097530596355e0 60.00000000000001e0 60.00000000000001e0 60.00000000000001e0 317.4406962250153e0 <https://w3id.org/mdo/data/1.0/mp-989545_material> <https://w3id.org/mdo/data/1.0/mp-989545_output_pg> <https://w3id.org/mdo/data/1.0/mp-989545_output_sg> "{\"symprec\":0.1,\"source\":\"spglib\",\"symbol\n ... ll\":\"-F 4 2 3\"}"^^<http://www.iana.org/assignments/media-types/application/json> "Fm-3m" 225 "m-3m" "cubic" "{\"species\":[{\"element\":\"Cl\",\"occu\":1}],\"\n ... {\"magmom\":0.0}}"^^<http://www.iana.org/assignments/media-types/application/json> _:b40 _:b41 _:b42 _:b43 "[{\"element\":\"Cl\",\"occu\":1}]" "[0.24546027,0.24546027,0.75453973]" 0.24546027e0 0.24546027e0 0.75453973e0 "[5.41432352,5.41432352,2.6580026261731007]" 5.41432352e0 5.41432352e0 2.6580026261731007e0 "Cl" "{\"element\":\"Cl\",\"occu\":1}"^^<http://www.iana.org/assignments/media-types/application/json> _:b44 "Cl" 1 )
  ( "{\"_id\": \"5dd46888cd0446b0dbb7423b\", \"ano\n ... \"id\": \"core\"}]}"^^<http://www.iana.org/assignments/media-types/application/json> "mp-989545" "5dd46888cd0446b0dbb7423b" 3.0737e0 -33.59225391e0 -3.359225391e0 -1.8570335364749653 2.764089273969504e0 <https://w3id.org/mdo/data/1.0/mp-989545_band_gap> _:b0 <https://w3id.org/mdo/data/1.0/mp-989545_final_energy> _:b1 <https://w3id.org/mdo/data/1.0/mp-989545_final_energy_per_atom> _:b2 <https://w3id.org/mdo/data/1.0/mp-989545_formation_energy_per_atom> _:b3 <https://w3id.org/mdo/data/1.0/mp-989545_density> _:b4 <https://w3id.org/mdo/data/1.0/mp-989545_composition> "Rb2Na1Sb1Cl6" "{\"A\":1.0,\"B\":1.0,\"C\":2.0,\"D\":6.0}"^^<http://www.iana.org/assignments/media-types/application/json> <https://w3id.org/mdo/data/1.0/mp-989545_calculation> <https://w3id.org/mdo/data/1.0/mp-989545_reference> "[{\"name\":\"Felix Faber\",\"email\":\"faber.fe\n ... sproject.org\"}]" "10.17188/1316844" "2015-12-14 18:02:49" <https://w3id.org/mdo/data/1.0/mp-989545_input_structure> <https://w3id.org/mdo/data/1.0/mp-989545_output_structure> <https://w3id.org/mdo/data/1.0/mp-989545_input_occupancy> <https://w3id.org/mdo/data/1.0/mp-989545_output_occupancy> "[{\"species\":[{\"element\":\"Rb\",\"occu\":1}],\n ... roperties\":{}}]" "{\"matrix\":[[0.0,5.414084,5.414084],[5.41\n ... .3985690607923}"^^<http://www.iana.org/assignments/media-types/application/json> <https://w3id.org/mdo/data/1.0/mp-989545_input_lattice> <https://w3id.org/mdo/data/1.0/mp-989545_input_lattice_axisvector> <https://w3id.org/mdo/data/1.0/mp-989545_input_lattice_angletriple> <https://w3id.org/mdo/data/1.0/mp-989545_input_lattice_lengthtriple> "[0.0,5.414084,5.414084]" "[5.414084,0.0,5.414084]" "[5.414084,5.414084,0.0]" 7.656671020627176e0 7.656671020627176e0 7.656671020627176e0 60.00000000000001e0 60.00000000000001e0 60.00000000000001e0 317.3985690607923e0 "[{\"species\":[{\"element\":\"Rb\",\"occu\":1}],\n ... \"magmom\":0.0}}]" "{\"matrix\":[[0.0,5.41432352,5.41432352],[\n ... .4406962250153}"^^<http://www.iana.org/assignments/media-types/application/json> <https://w3id.org/mdo/data/1.0/mp-989545_output_lattice> <https://w3id.org/mdo/data/1.0/mp-989545_output_lattice_axisvector> <https://w3id.org/mdo/data/1.0/mp-989545_output_lattice_angletriple> <https://w3id.org/mdo/data/1.0/mp-989545_output_lattice_lengthtriple> "[[0.0,5.41432352,5.41432352],[5.41432352\n ... .41432352,0.0]]" "[0.0,5.41432352,5.41432352]" "[5.41432352,-0.0,5.41432352]" "[5.41432352,5.41432352,0.0]" 7.6570097530596355e0 7.6570097530596355e0 7.6570097530596355e0 60.00000000000001e0 60.00000000000001e0 60.00000000000001e0 317.4406962250153e0 <https://w3id.org/mdo/data/1.0/mp-989545_material> <https://w3id.org/mdo/data/1.0/mp-989545_output_pg> <https://w3id.org/mdo/data/1.0/mp-989545_output_sg> "{\"symprec\":0.1,\"source\":\"spglib\",\"symbol\n ... ll\":\"-F 4 2 3\"}"^^<http://www.iana.org/assignments/media-types/application/json> "Fm-3m" 225 "m-3m" "cubic" "{\"species\":[{\"element\":\"Cl\",\"occu\":1}],\"\n ... {\"magmom\":0.0}}"^^<http://www.iana.org/assignments/media-types/application/json> _:b45 _:b46 _:b47 _:b48 "[{\"element\":\"Cl\",\"occu\":1}]" "[0.75453973,0.24546027,0.24546027]" 0.75453973e0 0.24546027e0 0.24546027e0 "[2.6580026261731007,5.41432352,5.41432352]" 2.6580026261731007e0 5.41432352e0 5.41432352e0 "Cl" "{\"element\":\"Cl\",\"occu\":1}"^^<http://www.iana.org/assignments/media-types/application/json> _:b49 "Cl" 1 )
  ( "{\"_id\": \"5dd46888cd0446b0dbb7423b\", \"ano\n ... \"id\": \"core\"}]}"^^<http://www.iana.org/assignments/media-types/application/json> "mp-989545" "5dd46888cd0446b0dbb7423b" 3.0737e0 -33.59225391e0 -3.359225391e0 -1.8570335364749653 2.764089273969504e0 <https://w3id.org/mdo/data/1.0/mp-989545_band_gap> _:b0 <https://w3id.org/mdo/data/1.0/mp-989545_final_energy> _:b1 <https://w3id.org/mdo/data/1.0/mp-989545_final_energy_per_atom> _:b2 <https://w3id.org/mdo/data/1.0/mp-989545_formation_energy_per_atom> _:b3 <https://w3id.org/mdo/data/1.0/mp-989545_density> _:b4 <https://w3id.org/mdo/data/1.0/mp-989545_composition> "Rb2Na1Sb1Cl6" "{\"A\":1.0,\"B\":1.0,\"C\":2.0,\"D\":6.0}"^^<http://www.iana.org/assignments/media-types/application/json> <https://w3id.org/mdo/data/1.0/mp-989545_calculation> <https://w3id.org/mdo/data/1.0/mp-989545_reference> "[{\"name\":\"Felix Faber\",\"email\":\"faber.fe\n ... sproject.org\"}]" "10.17188/1316844" "2015-12-14 18:02:49" <https://w3id.org/mdo/data/1.0/mp-989545_input_structure> <https://w3id.org/mdo/data/1.0/mp-989545_output_structure> <https://w3id.org/mdo/data/1.0/mp-989545_input_occupancy> <https://w3id.org/mdo/data/1.0/mp-989545_output_occupancy> "[{\"species\":[{\"element\":\"Rb\",\"occu\":1}],\n ... roperties\":{}}]" "{\"matrix\":[[0.0,5.414084,5.414084],[5.41\n ... .3985690607923}"^^<http://www.iana.org/assignments/media-types/application/json> <https://w3id.org/mdo/data/1.0/mp-989545_input_lattice> <https://w3id.org/mdo/data/1.0/mp-989545_input_lattice_axisvector> <https://w3id.org/mdo/data/1.0/mp-989545_input_lattice_angletriple> <https://w3id.org/mdo/data/1.0/mp-989545_input_lattice_lengthtriple> "[0.0,5.414084,5.414084]" "[5.414084,0.0,5.414084]" "[5.414084,5.414084,0.0]" 7.656671020627176e0 7.656671020627176e0 7.656671020627176e0 60.00000000000001e0 60.00000000000001e0 60.00000000000001e0 317.3985690607923e0 "[{\"species\":[{\"element\":\"Rb\",\"occu\":1}],\n ... \"magmom\":0.0}}]" "{\"matrix\":[[0.0,5.41432352,5.41432352],[\n ... .4406962250153}"^^<http://www.iana.org/assignments/media-types/application/json> <https://w3id.org/mdo/data/1.0/mp-989545_output_lattice> <https://w3id.org/mdo/data/1.0/mp-989545_output_lattice_axisvector> <https://w3id.org/mdo/data/1.0/mp-989545_output_lattice_angletriple> <https://w3id.org/mdo/data/1.0/mp-989545_output_lattice_lengthtriple> "[[0.0,5.41432352,5.41432352],[5.41432352\n ... .41432352,0.0]]" "[0.0,5.41432352,5.41432352]" "[5.41432352,-0.0,5.41432352]" "[5.41432352,5.41432352,0.0]" 7.6570097530596355e0 7.6570097530596355e0 7.6570097530596355e0 60.00000000000001e0 60.00000000000001e0 60.00000000000001e0 317.4406962250153e0 <https://w3id.org/mdo/data/1.0/mp-989545_material> <https://w3id.org/mdo/data/1.0/mp-989545_output_pg> <https://w3id.org/mdo/data/1.0/mp-989545_output_sg> "{\"symprec\":0.1,\"source\":\"spglib\",\"symbol\n ... ll\":\"-F 4 2 3\"}"^^<http://www.iana.org/assignments/media-types/application/json> "Fm-3m" 225 "m-3m" "cubic" "{\"species\":[{\"element\":\"Rb\",\"occu\":1}],\"\n ... {\"magmom\":0.0}}"^^<http://www.iana.org/assignments/media-types/application/json> _:b50 _:b51 _:b52 _:b53 "[{\"element\":\"Rb\",\"occu\":1}]" "[0.25,0.25,0.25]" 0.25e0 0.25e0 0.25e0 "[2.70716176,2.70716176,2.70716176]" 2.70716176e0 2.70716176e0 2.70716176e0 "Rb" "{\"element\":\"Rb\",\"occu\":1}"^^<http://www.iana.org/assignments/media-types/application/json> _:b54 "Rb" 1 )
}
54:56,393 ForkJoinPool-1-worker-15 TRACE fr.emse.ci.sparqlext.engine.GenerateTriplesPlan:104 - Output triples
position 0:
  75f70b92-45ae-4888-80c2-4fd69619025e @rdf:type http://purl.obolibrary.org/obo/CHEBI_33250
  75f70b92-45ae-4888-80c2-4fd69619025e @http://purl.obolibrary.org/obo/chebi/formula "Na"
position 1:
  2ad3f55f-a664-4a04-a825-bd7d6d01b23d @rdf:type http://purl.obolibrary.org/obo/CHEBI_33250
  2ad3f55f-a664-4a04-a825-bd7d6d01b23d @http://purl.obolibrary.org/obo/chebi/formula "Sb"
position 2:
  0636557a-fd7a-4679-b133-935de8fe7c0f @rdf:type http://purl.obolibrary.org/obo/CHEBI_33250
  0636557a-fd7a-4679-b133-935de8fe7c0f @http://purl.obolibrary.org/obo/chebi/formula "Cl"
position 3:
  58f1e88d-9bbd-4708-aa9c-9c47afa9c1b5 @rdf:type http://purl.obolibrary.org/obo/CHEBI_33250
  58f1e88d-9bbd-4708-aa9c-9c47afa9c1b5 @http://purl.obolibrary.org/obo/chebi/formula "Cl"
position 4:
  5be029d7-7791-4f5c-ab6c-5547ff1eff4e @rdf:type http://purl.obolibrary.org/obo/CHEBI_33250
  5be029d7-7791-4f5c-ab6c-5547ff1eff4e @http://purl.obolibrary.org/obo/chebi/formula "Rb"
position 5:
  4a51d49e-f224-4017-85a3-200075d56c17 @rdf:type http://purl.obolibrary.org/obo/CHEBI_33250
  4a51d49e-f224-4017-85a3-200075d56c17 @http://purl.obolibrary.org/obo/chebi/formula "Rb"
position 6:
  9c6373d7-ecbf-4dd2-88b4-4f34b7d30ef3 @rdf:type http://purl.obolibrary.org/obo/CHEBI_33250
  9c6373d7-ecbf-4dd2-88b4-4f34b7d30ef3 @http://purl.obolibrary.org/obo/chebi/formula "Cl"
position 7:
  de79825d-0808-467b-a58e-3935c73c6317 @rdf:type http://purl.obolibrary.org/obo/CHEBI_33250
  de79825d-0808-467b-a58e-3935c73c6317 @http://purl.obolibrary.org/obo/chebi/formula "Cl"
position 8:
  51151502-aafe-4337-8054-f968c5862d53 @rdf:type http://purl.obolibrary.org/obo/CHEBI_33250
  51151502-aafe-4337-8054-f968c5862d53 @http://purl.obolibrary.org/obo/chebi/formula "Cl"
position 9:
  85ae7a0f-1730-41f4-8f70-ad5ae457a81e @rdf:type http://purl.obolibrary.org/obo/CHEBI_33250
  85ae7a0f-1730-41f4-8f70-ad5ae457a81e @http://purl.obolibrary.org/obo/chebi/formula "Cl"
54:56,393 ForkJoinPool-1-worker-15 TRACE fr.emse.ci.sparqlext.engine.RootPlanImpl:332 - Finished all generatePlan 1
54:56,393 ForkJoinPool-1-worker-15 TRACE fr.emse.ci.sparqlext.engine.RootPlanImpl:332 - Finished all generatePlan 1
54:56,394 ForkJoinPool-1-worker-15 DEBUG fr.emse.ci.sparqlext.engine.RootPlanImpl:283 - Finished iterator plan ITERATOR http://w3id.org/sparql-generate/iter/JSONPath [?species, "$[*]"] AS [?elements]
54:56,394 ForkJoinPool-1-worker-15 TRACE fr.emse.ci.sparqlext.engine.RootPlanImpl:332 - Finished all generatePlan 1
54:56,394 ForkJoinPool-1-worker-15 DEBUG fr.emse.ci.sparqlext.engine.RootPlanImpl:283 - Finished iterator plan ITERATOR http://w3id.org/sparql-generate/iter/JSONPath [?input_sites, "$[*]"] AS [?site]
54:56,394 ForkJoinPool-1-worker-15 TRACE fr.emse.ci.sparqlext.engine.RootPlanImpl:332 - Finished all generatePlan 1
54:56,395 ForkJoinPool-1-worker-11 TRACE fr.emse.ci.sparqlext.engine.GenerateTriplesPlan:104 - Output triples
position 0:
  5d8c5de0-3119-4af5-92f2-f187d6e6f521 @rdf:type http://purl.obolibrary.org/obo/CHEBI_33250
  5d8c5de0-3119-4af5-92f2-f187d6e6f521 @http://purl.obolibrary.org/obo/chebi/formula "Sb"
position 1:
  68148811-a586-4985-b313-591b36c92754 @rdf:type http://purl.obolibrary.org/obo/CHEBI_33250
  68148811-a586-4985-b313-591b36c92754 @http://purl.obolibrary.org/obo/chebi/formula "Cl"
position 2:
  257b1b9b-933d-4410-b39c-91f28976d9be @rdf:type http://purl.obolibrary.org/obo/CHEBI_33250
  257b1b9b-933d-4410-b39c-91f28976d9be @http://purl.obolibrary.org/obo/chebi/formula "Na"
position 3:
  77cff23a-7479-414e-8c0e-ca01095d04af @rdf:type http://purl.obolibrary.org/obo/CHEBI_33250
  77cff23a-7479-414e-8c0e-ca01095d04af @http://purl.obolibrary.org/obo/chebi/formula "Rb"
position 4:
  49ca0f87-03fa-4b56-b33c-5f75041ec07a @rdf:type http://purl.obolibrary.org/obo/CHEBI_33250
  49ca0f87-03fa-4b56-b33c-5f75041ec07a @http://purl.obolibrary.org/obo/chebi/formula "Cl"
position 5:
  2c95fab1-ba03-43b2-b6d7-57d2e34a2519 @rdf:type http://purl.obolibrary.org/obo/CHEBI_33250
  2c95fab1-ba03-43b2-b6d7-57d2e34a2519 @http://purl.obolibrary.org/obo/chebi/formula "Cl"
position 6:
  c171e94c-f9f1-4687-887f-1910926d07fd @rdf:type http://purl.obolibrary.org/obo/CHEBI_33250
  c171e94c-f9f1-4687-887f-1910926d07fd @http://purl.obolibrary.org/obo/chebi/formula "Cl"
position 7:
  eeb8e5b9-8641-459f-8000-bd1fc3de0ec3 @rdf:type http://purl.obolibrary.org/obo/CHEBI_33250
  eeb8e5b9-8641-459f-8000-bd1fc3de0ec3 @http://purl.obolibrary.org/obo/chebi/formula "Cl"
position 8:
  acdb0cc6-e354-430b-bac6-802da4edf938 @rdf:type http://purl.obolibrary.org/obo/CHEBI_33250
  acdb0cc6-e354-430b-bac6-802da4edf938 @http://purl.obolibrary.org/obo/chebi/formula "Cl"
position 9:
  f1999543-54c6-4c31-aadb-07cee4fc0cd8 @rdf:type http://purl.obolibrary.org/obo/CHEBI_33250
  f1999543-54c6-4c31-aadb-07cee4fc0cd8 @http://purl.obolibrary.org/obo/chebi/formula "Rb"
54:56,396 ForkJoinPool-1-worker-11 TRACE fr.emse.ci.sparqlext.engine.RootPlanImpl:332 - Finished all generatePlan 1
54:56,396 ForkJoinPool-1-worker-11 TRACE fr.emse.ci.sparqlext.engine.RootPlanImpl:332 - Finished all generatePlan 1
54:56,396 ForkJoinPool-1-worker-11 DEBUG fr.emse.ci.sparqlext.engine.RootPlanImpl:283 - Finished iterator plan ITERATOR http://w3id.org/sparql-generate/iter/JSONPath [?species, "$[*]"] AS [?elements]
54:56,396 ForkJoinPool-1-worker-11 TRACE fr.emse.ci.sparqlext.engine.RootPlanImpl:332 - Finished all generatePlan 1
54:56,396 ForkJoinPool-1-worker-11 DEBUG fr.emse.ci.sparqlext.engine.RootPlanImpl:283 - Finished iterator plan ITERATOR http://w3id.org/sparql-generate/iter/JSONPath [?output_sites, "$[*]"] AS [?site]
54:56,397 ForkJoinPool-1-worker-11 TRACE fr.emse.ci.sparqlext.engine.RootPlanImpl:332 - Finished all generatePlan 1
54:56,397 ForkJoinPool-1-worker-11 TRACE fr.emse.ci.sparqlext.engine.RootPlanImpl:332 - Finished all generatePlan 1
54:56,397 ForkJoinPool-1-worker-11 DEBUG fr.emse.ci.sparqlext.engine.RootPlanImpl:272 - Finished source or bind plan SOURCE http://example.com/intermediate.json AS ?source
54:56,397 ForkJoinPool-1-worker-11 INFO  fr.emse.ci.sparqlext.SPARQLExt:521 - Closing context
54:56,398 ForkJoinPool-1-worker-11 INFO  fr.emse.ci.sparqlext.engine.RootPlanImpl:226 - End of transformation
54:56,421 main INFO  fr.emse.ci.sparqlext.cli.SPARQLExtCli:167 - Program finished in 0 min, 1.2 sec
